0 info it worked if it ends with ok
1 verbose cli [ 'node', '/usr/local/bin/npm', 'install' ]
2 info using npm@2.0.0-beta.2
3 info using node@v0.10.31
4 verbose node symlink /usr/local/bin/node
5 warn package.json PennBook@0.0.1 No README data
6 verbose readDependencies using package.json deps
7 verbose install where, deps [ '/Users/brianshi/school/Penn_Sophomore_Year/NETS-212/PennBook',
7 verbose install   [ 'path',
7 verbose install     'express',
7 verbose install     'express-session',
7 verbose install     'body-parser',
7 verbose install     'cookie-parser',
7 verbose install     'ejs',
7 verbose install     'jquery',
7 verbose install     'underscore',
7 verbose install     'backbone',
7 verbose install     'require' ] ]
8 info preinstall PennBook@0.0.1
9 warn package.json path@0.4.9 path is also the name of a node core module.
10 warn package.json path@0.4.9 No README data
11 verbose readDependencies using package.json deps
12 verbose already installed skipping path@0.4.9 /Users/brianshi/school/Penn_Sophomore_Year/NETS-212/PennBook
13 verbose already installed skipping express@~4.10.2 /Users/brianshi/school/Penn_Sophomore_Year/NETS-212/PennBook
14 verbose already installed skipping express-session@~1.9.1 /Users/brianshi/school/Penn_Sophomore_Year/NETS-212/PennBook
15 verbose already installed skipping body-parser@~1.9.2 /Users/brianshi/school/Penn_Sophomore_Year/NETS-212/PennBook
16 verbose already installed skipping cookie-parser@~1.3.3 /Users/brianshi/school/Penn_Sophomore_Year/NETS-212/PennBook
17 verbose already installed skipping ejs@~1.0.0 /Users/brianshi/school/Penn_Sophomore_Year/NETS-212/PennBook
18 verbose already installed skipping jquery@~1.11.1 /Users/brianshi/school/Penn_Sophomore_Year/NETS-212/PennBook
19 verbose already installed skipping underscore@~1.5.2 /Users/brianshi/school/Penn_Sophomore_Year/NETS-212/PennBook
20 verbose already installed skipping backbone@~1.1.0 /Users/brianshi/school/Penn_Sophomore_Year/NETS-212/PennBook
21 verbose cache add [ 'require@2.1.15', null ]
22 verbose cache add spec="require@2.1.15" args=["require@2.1.15",null]
23 verbose parsed spec { raw: 'require@2.1.15',
23 verbose parsed spec   scope: null,
23 verbose parsed spec   name: 'require',
23 verbose parsed spec   rawSpec: '2.1.15',
23 verbose parsed spec   spec: '2.1.15',
23 verbose parsed spec   type: 'version' }
24 verbose addNamed [ 'require', '2.1.15' ]
25 verbose addNamed [ '2.1.15', '2.1.15' ]
26 silly lockFile 7e94de54-require-2-1-15 require@2.1.15
27 verbose lock require@2.1.15 /Users/brianshi/.npm/7e94de54-require-2-1-15.lock
28 verbose mapToRegistry name require
29 verbose mapToRegistry uri https://registry.npmjs.org/require
30 verbose request on initialization, where is /require
31 verbose request after pass 1, where is /require
32 verbose request url raw /require
33 verbose request resolving registry [ 'https://registry.npmjs.org/', './require' ]
34 verbose request after pass 2, where is https://registry.npmjs.org/require
35 verbose request no auth needed
36 info retrier registry request attempt 1 at 15:23:54
37 verbose request id b00cff2cb0c3cf4e
38 verbose etag "106BE0Z0AO3BCCDI0997KZFJ8"
39 http request GET https://registry.npmjs.org/require
40 http 304 https://registry.npmjs.org/require
41 silly registry.get cb [ 304,
41 silly registry.get   { date: 'Thu, 11 Dec 2014 20:23:54 GMT',
41 silly registry.get     server: 'Apache',
41 silly registry.get     via: '1.1 varnish',
41 silly registry.get     'last-modified': 'Thu, 11 Dec 2014 20:23:54 GMT',
41 silly registry.get     'cache-control': 'max-age=60',
41 silly registry.get     etag: '"106BE0Z0AO3BCCDI0997KZFJ8"',
41 silly registry.get     age: '0',
41 silly registry.get     'x-served-by': 'cache-atl6221-ATL',
41 silly registry.get     'x-cache': 'HIT',
41 silly registry.get     'x-cache-hits': '1',
41 silly registry.get     'x-timer': 'S1418329434.755739,VS0,VE73',
41 silly registry.get     vary: 'Accept',
41 silly registry.get     'content-length': '0',
41 silly registry.get     'keep-alive': 'timeout=10, max=50',
41 silly registry.get     connection: 'Keep-Alive' } ]
42 verbose etag https://registry.npmjs.org/require from cache
43 silly lockFile 7e94de54-require-2-1-15 require@2.1.15
44 silly lockFile 7e94de54-require-2-1-15 require@2.1.15
45 error Error: version not found: require@2.1.15
45 error     at setData (/usr/local/lib/node_modules/npm/lib/cache/add-named.js:127:12)
45 error     at saved (/usr/local/lib/node_modules/npm/node_modules/npm-registry-client/lib/get.js:167:7)
45 error     at Object.oncomplete (fs.js:107:15)
46 error If you need help, you may report this *entire* log,
46 error including the npm and node versions, at:
46 error     <http://github.com/npm/npm/issues>
47 error System Darwin 14.0.0
48 error command "node" "/usr/local/bin/npm" "install"
49 error cwd /Users/brianshi/school/Penn_Sophomore_Year/NETS-212/PennBook
50 error node -v v0.10.31
51 error npm -v 2.0.0-beta.2
52 verbose exit [ 1, true ]
